999
83 0 0
83 0 1
83 0 2
83 0 3
83 0 4
83 0 5
83 0 6
83 0 7
83 0 8
83 0 9
83 0 10
83 0 11
83 0 12
83 0 13
83 0 14
83 0 15
83 0 16
83 0 17
83 0 18
83 0 19
83 0 20
83 0 21
83 0 22
83 0 23
83 0 24
83 0 25
83 0 26
83 0 27
83 0 28
83 0 29
83 0 30
83 0 31
83 0 32
83 0 33
83 0 34
83 0 35
83 0 36
83 0 37
83 0 38
83 0 39
83 0 40
83 0 41
83 0 42
83 0 43
83 0 44
83 0 45
83 0 46
83 0 47
83 0 48
83 0 49
83 0 50
83 0 51
83 0 52
83 0 53
83 0 54
83 0 55
83 0 56
83 0 57
83 0 58
83 0 59
83 0 60
83 0 61
83 0 62
83 0 63
83 0 64
83 0 65
83 0 66
83 0 67
83 0 68
83 0 69
83 0 70
83 0 71
83 0 72
83 0 73
83 0 74
83 0 75
83 0 76
83 0 77
83 0 78
83 0 79
83 0 80
83 0 81
83 0 82
83 0 83
83 0 84
83 0 85
83 0 86
83 0 87
83 0 88
83 0 89
83 0 90
83 0 91
83 0 92
83 0 93
83 0 94
83 0 95
83 0 96
83 0 97
83 0 98
83 0 99
83 0 100
83 0 101
83 0 102
83 0 103
83 0 104
83 0 105
83 0 106
83 0 107
83 0 108
83 0 109
83 0 110
83 0 111
83 0 112
83 0 113
83 0 114
83 0 115
83 0 116
83 0 117
83 0 118
83 0 119
83 0 120
83 0 121
83 0 122
83 0 123
83 0 124
83 0 125
83 0 126
83 0 127
83 0 128
83 0 129
83 0 130
83 0 131
83 0 132
83 0 133
83 0 134
83 0 135
83 0 136
83 0 137
83 0 138
83 0 139
83 0 140
83 0 141
83 0 142
83 0 143
83 0 144
83 0 145
83 0 146
83 0 147
83 0 148
83 0 149
83 0 150
83 0 151
83 0 152
83 0 153
83 0 154
83 0 155
83 0 156
83 0 157
83 0 158
83 0 159
83 0 160
83 0 161
83 0 162
83 0 163
83 0 164
83 0 165
83 0 166
83 0 167
83 0 168
83 0 169
83 0 170
83 0 171
83 0 172
83 0 173
83 0 174
83 0 175
83 0 176
83 0 177
83 0 178
83 0 179
83 0 180
83 0 181
83 0 182
83 0 183
83 0 184
83 0 185
83 0 186
83 0 187
83 0 188
83 0 189
83 0 190
83 0 191
83 0 192
83 0 193
83 0 194
83 0 195
83 0 196
83 0 197
83 0 198
83 0 199
83 0 200
83 0 201
83 0 202
83 0 203
83 0 204
83 0 205
83 0 206
83 0 207
83 0 208
83 0 209
83 0 210
83 0 211
83 0 212
83 0 213
83 0 214
83 0 215
83 0 216
83 0 217
83 0 218
83 0 219
83 0 220
83 0 221
83 0 222
83 0 223
83 0 224
83 0 225
83 0 226
83 0 227
83 0 228
83 0 229
83 0 230
83 0 231
83 0 232
83 0 233
83 0 234
83 0 235
83 0 236
83 0 237
83 0 238
83 0 239
83 0 240
83 0 241
83 0 242
83 0 243
83 0 244
83 0 245
83 0 246
83 0 247
83 0 248
83 0 249
83 0 250
83 0 251
83 0 252
83 0 253
83 0 254
83 0 255
83 0 256
83 0 257
83 0 258
83 0 259
83 0 260
83 0 261
83 0 262
83 0 263
83 0 264
83 0 265
83 0 266
83 0 267
83 0 268
83 0 269
83 0 270
83 0 271
83 0 272
83 0 273
83 0 274
83 0 275
83 0 276
83 0 277
83 0 278
83 0 279
83 0 280
83 0 281
83 0 282
83 0 283
83 0 284
83 0 285
83 0 286
83 0 287
83 0 288
83 0 289
83 0 290
83 0 291
83 0 292
83 0 293
83 0 294
83 0 295
83 0 296
83 0 297
83 0 298
83 0 299
83 0 300
83 0 301
83 0 302
83 0 303
83 0 304
83 0 305
83 0 306
83 0 307
83 0 308
83 0 309
83 0 310
83 0 311
83 0 312
83 0 313
83 0 314
83 0 315
83 0 316
83 0 317
83 0 318
83 0 319
83 0 320
83 0 321
83 0 322
83 0 323
83 0 324
83 0 325
83 0 326
83 0 327
83 0 328
83 0 329
83 0 330
83 0 331
83 0 332
83 0 333
83 0 334
83 0 335
83 0 336
83 0 337
83 0 338
83 0 339
83 0 340
83 0 341
83 0 342
83 0 343
83 0 344
83 0 345
83 0 346
83 0 347
83 0 348
83 0 349
83 0 350
83 0 351
83 0 352
83 0 353
83 0 354
83 0 355
83 0 356
83 0 357
83 0 358
83 0 359
83 0 360
83 0 361
83 0 362
83 0 363
83 0 364
83 0 365
83 0 366
83 0 367
83 0 368
83 0 369
83 0 370
83 0 371
83 0 372
83 0 373
83 0 374
83 0 375
83 0 376
83 0 377
83 0 378
83 0 379
83 0 380
83 0 381
83 0 382
83 0 383
83 0 384
83 0 385
83 0 386
83 0 387
83 0 388
83 0 389
83 0 390
83 0 391
83 0 392
83 0 393
83 0 394
83 0 395
83 0 396
83 0 397
83 0 398
83 0 399
83 0 400
83 0 401
83 0 402
83 0 403
83 0 404
83 0 405
83 0 406
83 0 407
83 0 408
83 0 409
83 0 410
83 0 411
83 0 412
83 0 413
83 0 414
83 0 415
83 0 416
83 0 417
83 0 418
83 0 419
83 0 420
83 0 421
83 0 422
83 0 423
83 0 424
83 0 425
83 0 426
83 0 427
83 0 428
83 0 429
83 0 430
83 0 431
83 0 432
83 0 433
83 0 434
83 0 435
83 0 436
83 0 437
83 0 438
83 0 439
83 0 440
83 0 441
83 0 442
83 0 443
83 0 444
83 0 445
83 0 446
83 0 447
83 0 448
83 0 449
83 0 450
83 0 451
83 0 452
83 0 453
83 0 454
83 0 455
83 0 456
83 0 457
83 0 458
83 0 459
83 0 460
83 0 461
83 0 462
83 0 463
83 0 464
83 0 465
83 0 466
83 0 467
83 0 468
83 0 469
83 0 470
83 0 471
83 0 472
83 0 473
83 0 474
83 0 475
83 0 476
83 0 477
83 0 478
83 0 479
83 0 480
83 0 481
83 0 482
83 0 483
83 0 484
83 0 485
83 0 486
83 0 487
83 0 488
83 0 489
83 0 490
83 0 491
83 0 492
83 0 493
83 0 494
83 0 495
83 0 496
83 0 497
83 0 498
83 0 499
83 0 500
83 0 501
83 0 502
83 0 503
83 0 504
83 0 505
83 0 506
83 0 507
83 0 508
83 0 509
83 0 510
83 0 511
83 0 512
83 0 513
83 0 514
83 0 515
83 0 516
83 0 517
83 0 518
83 0 519
83 0 520
83 0 521
83 0 522
83 0 523
83 0 524
83 0 525
83 0 526
83 0 527
83 0 528
83 0 529
83 0 530
83 0 531
83 0 532
83 0 533
83 0 534
83 0 535
83 0 536
83 0 537
83 0 538
83 0 539
83 0 540
83 0 541
83 0 542
83 0 543
83 0 544
83 0 545
83 0 546
83 0 547
83 0 548
83 0 549
83 0 550
83 0 551
83 0 552
83 0 553
83 0 554
83 0 555
83 0 556
83 0 557
83 0 558
83 0 559
83 0 560
83 0 561
83 0 562
83 0 563
83 0 564
83 0 565
83 0 566
83 0 567
83 0 568
83 0 569
83 0 570
83 0 571
83 0 572
83 0 573
83 0 574
83 0 575
83 0 576
83 0 577
83 0 578
83 0 579
83 0 580
83 0 581
83 0 582
83 0 583
83 0 584
83 0 585
83 0 586
83 0 587
83 0 588
83 0 589
83 0 590
83 0 591
83 0 592
83 0 593
83 0 594
83 0 595
83 0 596
83 0 597
83 0 598
83 0 599
83 0 600
83 0 601
83 0 602
83 0 603
83 0 604
83 0 605
83 0 606
83 0 607
83 0 608
83 0 609
83 0 610
83 0 611
83 0 612
83 0 613
83 0 614
83 0 615
83 0 616
83 0 617
83 0 618
83 0 619
83 0 620
83 0 621
83 0 622
83 0 623
83 0 624
83 0 625
83 0 626
83 0 627
83 0 628
83 0 629
83 0 630
83 0 631
83 0 632
83 0 633
83 0 634
83 0 635
83 0 636
83 0 637
83 0 638
83 0 639
83 0 640
83 0 641
83 0 642
83 0 643
83 0 644
83 0 645
83 0 646
83 0 647
83 0 648
83 0 649
83 0 650
83 0 651
83 0 652
83 0 653
83 0 654
83 0 655
83 0 656
83 0 657
83 0 658
83 0 659
83 0 660
83 0 661
83 0 662
83 0 663
83 0 664
83 0 665
83 0 666
83 0 667
83 0 668
83 0 669
83 0 670
83 0 671
83 0 672
83 0 673
83 0 674
83 0 675
83 0 676
83 0 677
83 0 678
83 0 679
83 0 680
83 0 681
83 0 682
83 0 683
83 0 684
83 0 685
83 0 686
83 0 687
83 0 688
83 0 689
83 0 690
83 0 691
83 0 692
83 0 693
83 0 694
83 0 695
83 0 696
83 0 697
83 0 698
83 0 699
83 0 700
83 0 701
83 0 702
83 0 703
83 0 704
83 0 705
83 0 706
83 0 707
83 0 708
83 0 709
83 0 710
83 0 711
83 0 712
83 0 713
83 0 714
83 0 715
83 0 716
83 0 717
83 0 718
83 0 719
83 0 720
83 0 721
83 0 722
83 0 723
83 0 724
83 0 725
83 0 726
83 0 727
83 0 728
83 0 729
83 0 730
83 0 731
83 0 732
83 0 733
83 0 734
83 0 735
83 0 736
83 0 737
83 0 738
83 0 739
83 0 740
83 0 741
83 0 742
83 0 743
83 0 744
83 0 745
83 0 746
83 0 747
83 0 748
83 0 749
83 0 750
83 0 751
83 0 752
83 0 753
83 0 754
83 0 755
83 0 756
83 0 757
83 0 758
83 0 759
83 0 760
83 0 761
83 0 762
83 0 763
83 0 764
83 0 765
83 0 766
83 0 767
83 0 768
83 0 769
83 0 770
83 0 771
83 0 772
83 0 773
83 0 774
83 0 775
83 0 776
83 0 777
83 0 778
83 0 779
83 0 780
83 0 781
83 0 782
83 0 783
83 0 784
83 0 785
83 0 786
83 0 787
83 0 788
83 0 789
83 0 790
83 0 791
83 0 792
83 0 793
83 0 794
83 0 795
83 0 796
83 0 797
83 0 798
83 0 799
83 0 800
83 0 801
83 0 802
83 0 803
83 0 804
83 0 805
83 0 806
83 0 807
83 0 808
83 0 809
83 0 810
83 0 811
83 0 812
83 0 813
83 0 814
83 0 815
83 0 816
83 0 817
83 0 818
83 0 819
83 0 820
83 0 821
83 0 822
83 0 823
83 0 824
83 0 825
83 0 826
83 0 827
83 0 828
83 0 829
83 0 830
83 0 831
83 0 832
83 0 833
83 0 834
83 0 835
83 0 836
83 0 837
83 0 838
83 0 839
83 0 840
83 0 841
83 0 842
83 0 843
83 0 844
83 0 845
83 0 846
83 0 847
83 0 848
83 0 849
83 0 850
83 0 851
83 0 852
83 0 853
83 0 854
83 0 855
83 0 856
83 0 857
83 0 858
83 0 859
83 0 860
83 0 861
83 0 862
83 0 863
83 0 864
83 0 865
83 0 866
83 0 867
83 0 868
83 0 869
83 0 870
83 0 871
83 0 872
83 0 873
83 0 874
83 0 875
83 0 876
83 0 877
83 0 878
83 0 879
83 0 880
83 0 881
83 0 882
83 0 883
83 0 884
83 0 885
83 0 886
83 0 887
83 0 888
83 0 889
83 0 890
83 0 891
83 0 892
83 0 893
83 0 894
83 0 895
83 0 896
83 0 897
83 0 898
83 0 899
83 0 900
83 0 901
83 0 902
83 0 903
83 0 904
83 0 905
83 0 906
83 0 907
83 0 908
83 0 909
83 0 910
83 0 911
83 0 912
83 0 913
83 0 914
83 0 915
83 0 916
83 0 917
83 0 918
83 0 919
83 0 920
83 0 921
83 0 922
83 0 923
83 0 924
83 0 925
83 0 926
83 0 927
83 0 928
83 0 929
83 0 930
83 0 931
83 0 932
83 0 933
83 0 934
83 0 935
83 0 936
83 0 937
83 0 938
83 0 939
83 0 940
83 0 941
83 0 942
83 0 943
83 0 944
83 0 945
83 0 946
83 0 947
83 0 948
83 0 949
83 0 950
83 0 951
83 0 952
83 0 953
83 0 954
83 0 955
83 0 956
83 0 957
83 0 958
83 0 959
83 0 960
83 0 961
83 0 962
83 0 963
83 0 964
83 0 965
83 0 966
83 0 967
83 0 968
83 0 969
83 0 970
83 0 971
83 0 972
83 0 973
83 0 974
83 0 975
83 0 976
83 0 977
83 0 978
83 0 979
83 0 980
83 0 981
83 0 982
83 0 983
83 0 984
83 0 985
83 0 986
83 0 987
83 0 988
83 0 989
83 0 990
83 0 991
83 0 992
83 0 993
83 0 994
83 0 995
83 0 996
83 0 997
83 0 998
