2402
7 0 0
7 0 21
7 0 42
7 0 63
7 0 84
7 0 105
7 0 126
7 0 147
7 0 168
7 0 189
7 0 210
7 0 231
7 0 252
7 0 273
7 0 294
7 0 315
7 0 336
7 0 357
7 0 378
7 0 399
7 0 420
7 0 441
7 0 462
7 0 483
7 0 504
7 0 525
7 0 546
7 0 567
7 0 588
7 0 609
7 0 630
7 0 651
7 0 672
7 0 693
7 0 714
7 0 735
7 0 756
7 0 777
7 0 798
7 0 819
7 0 840
7 0 861
7 0 882
7 0 903
7 0 924
7 0 945
7 0 966
7 0 987
7 21 0
7 21 21
7 21 42
7 21 63
7 21 84
7 21 105
7 21 126
7 21 147
7 21 168
7 21 189
7 21 210
7 21 231
7 21 252
7 21 273
7 21 294
7 21 315
7 21 336
7 21 357
7 21 378
7 21 399
7 21 420
7 21 441
7 21 462
7 21 483
7 21 504
7 21 525
7 21 546
7 21 567
7 21 588
7 21 609
7 21 630
7 21 651
7 21 672
7 21 693
7 21 714
7 21 735
7 21 756
7 21 777
7 21 798
7 21 819
7 21 840
7 21 861
7 21 882
7 21 903
7 21 924
7 21 945
7 21 966
7 21 987
7 42 0
7 42 21
7 42 42
7 42 63
7 42 84
7 42 105
7 42 126
7 42 147
7 42 168
7 42 189
7 42 210
7 42 231
7 42 252
7 42 273
7 42 294
7 42 315
7 42 336
7 42 357
7 42 378
7 42 399
7 42 420
7 42 441
7 42 462
7 42 483
7 42 504
7 42 525
7 42 546
7 42 567
7 42 588
7 42 609
7 42 630
7 42 651
7 42 672
7 42 693
7 42 714
7 42 735
7 42 756
7 42 777
7 42 798
7 42 819
7 42 840
7 42 861
7 42 882
7 42 903
7 42 924
7 42 945
7 42 966
7 42 987
7 63 0
7 63 21
7 63 42
7 63 63
7 63 84
7 63 105
7 63 126
7 63 147
7 63 168
7 63 189
7 63 210
7 63 231
7 63 252
7 63 273
7 63 294
7 63 315
7 63 336
7 63 357
7 63 378
7 63 399
7 63 420
7 63 441
7 63 462
7 63 483
7 63 504
7 63 525
7 63 546
7 63 567
7 63 588
7 63 609
7 63 630
7 63 651
7 63 672
7 63 693
7 63 714
7 63 735
7 63 756
7 63 777
7 63 798
7 63 819
7 63 840
7 63 861
7 63 882
7 63 903
7 63 924
7 63 945
7 63 966
7 63 987
7 84 0
7 84 21
7 84 42
7 84 63
7 84 84
7 84 105
7 84 126
7 84 147
7 84 168
7 84 189
7 84 210
7 84 231
7 84 252
7 84 273
7 84 294
7 84 315
7 84 336
7 84 357
7 84 378
7 84 399
7 84 420
7 84 441
7 84 462
7 84 483
7 84 504
7 84 525
7 84 546
7 84 567
7 84 588
7 84 609
7 84 630
7 84 651
7 84 672
7 84 693
7 84 714
7 84 735
7 84 756
7 84 777
7 84 798
7 84 819
7 84 840
7 84 861
7 84 882
7 84 903
7 84 924
7 84 945
7 84 966
7 84 987
7 105 0
7 105 21
7 105 42
7 105 63
7 105 84
7 105 105
7 105 126
7 105 147
7 105 168
7 105 189
7 105 210
7 105 231
7 105 252
7 105 273
7 105 294
7 105 315
7 105 336
7 105 357
7 105 378
7 105 399
7 105 420
7 105 441
7 105 462
7 105 483
7 105 504
7 105 525
7 105 546
7 105 567
7 105 588
7 105 609
7 105 630
7 105 651
7 105 672
7 105 693
7 105 714
7 105 735
7 105 756
7 105 777
7 105 798
7 105 819
7 105 840
7 105 861
7 105 882
7 105 903
7 105 924
7 105 945
7 105 966
7 105 987
7 126 0
7 126 21
7 126 42
7 126 63
7 126 84
7 126 105
7 126 126
7 126 147
7 126 168
7 126 189
7 126 210
7 126 231
7 126 252
7 126 273
7 126 294
7 126 315
7 126 336
7 126 357
7 126 378
7 126 399
7 126 420
7 126 441
7 126 462
7 126 483
7 126 504
7 126 525
7 126 546
7 126 567
7 126 588
7 126 609
7 126 630
7 126 651
7 126 672
7 126 693
7 126 714
7 126 735
7 126 756
7 126 777
7 126 798
7 126 819
7 126 840
7 126 861
7 126 882
7 126 903
7 126 924
7 126 945
7 126 966
7 126 987
7 147 0
7 147 21
7 147 42
7 147 63
7 147 84
7 147 105
7 147 126
7 147 147
7 147 168
7 147 189
7 147 210
7 147 231
7 147 252
7 147 273
7 147 294
7 147 315
7 147 336
7 147 357
7 147 378
7 147 399
7 147 420
7 147 441
7 147 462
7 147 483
7 147 504
7 147 525
7 147 546
7 147 567
7 147 588
7 147 609
7 147 630
7 147 651
7 147 672
7 147 693
7 147 714
7 147 735
7 147 756
7 147 777
7 147 798
7 147 819
7 147 840
7 147 861
7 147 882
7 147 903
7 147 924
7 147 945
7 147 966
7 147 987
7 168 0
7 168 21
7 168 42
7 168 63
7 168 84
7 168 105
7 168 126
7 168 147
7 168 168
7 168 189
7 168 210
7 168 231
7 168 252
7 168 273
7 168 294
7 168 315
7 168 336
7 168 357
7 168 378
7 168 399
7 168 420
7 168 441
7 168 462
7 168 483
7 168 504
7 168 525
7 168 546
7 168 567
7 168 588
7 168 609
7 168 630
7 168 651
7 168 672
7 168 693
7 168 714
7 168 735
7 168 756
7 168 777
7 168 798
7 168 819
7 168 840
7 168 861
7 168 882
7 168 903
7 168 924
7 168 945
7 168 966
7 168 987
7 189 0
7 189 21
7 189 42
7 189 63
7 189 84
7 189 105
7 189 126
7 189 147
7 189 168
7 189 189
7 189 210
7 189 231
7 189 252
7 189 273
7 189 294
7 189 315
7 189 336
7 189 357
7 189 378
7 189 399
7 189 420
7 189 441
7 189 462
7 189 483
7 189 504
7 189 525
7 189 546
7 189 567
7 189 588
7 189 609
7 189 630
7 189 651
7 189 672
7 189 693
7 189 714
7 189 735
7 189 756
7 189 777
7 189 798
7 189 819
7 189 840
7 189 861
7 189 882
7 189 903
7 189 924
7 189 945
7 189 966
7 189 987
7 210 0
7 210 21
7 210 42
7 210 63
7 210 84
7 210 105
7 210 126
7 210 147
7 210 168
7 210 189
7 210 210
7 210 231
7 210 252
7 210 273
7 210 294
7 210 315
7 210 336
7 210 357
7 210 378
7 210 399
7 210 420
7 210 441
7 210 462
7 210 483
7 210 504
7 210 525
7 210 546
7 210 567
7 210 588
7 210 609
7 210 630
7 210 651
7 210 672
7 210 693
7 210 714
7 210 735
7 210 756
7 210 777
7 210 798
7 210 819
7 210 840
7 210 861
7 210 882
7 210 903
7 210 924
7 210 945
7 210 966
7 210 987
7 231 0
7 231 21
7 231 42
7 231 63
7 231 84
7 231 105
7 231 126
7 231 147
7 231 168
7 231 189
7 231 210
7 231 231
7 231 252
7 231 273
7 231 294
7 231 315
7 231 336
7 231 357
7 231 378
7 231 399
7 231 420
7 231 441
7 231 462
7 231 483
7 231 504
7 231 525
7 231 546
7 231 567
7 231 588
7 231 609
7 231 630
7 231 651
7 231 672
7 231 693
7 231 714
7 231 735
7 231 756
7 231 777
7 231 798
7 231 819
7 231 840
7 231 861
7 231 882
7 231 903
7 231 924
7 231 945
7 231 966
7 231 987
7 252 0
7 252 21
7 252 42
7 252 63
7 252 84
7 252 105
7 252 126
7 252 147
7 252 168
7 252 189
7 252 210
7 252 231
7 252 252
7 252 273
7 252 294
7 252 315
7 252 336
7 252 357
7 252 378
7 252 399
7 252 420
7 252 441
7 252 462
7 252 483
7 252 504
7 252 525
7 252 546
7 252 567
7 252 588
7 252 609
7 252 630
7 252 651
7 252 672
7 252 693
7 252 714
7 252 735
7 252 756
7 252 777
7 252 798
7 252 819
7 252 840
7 252 861
7 252 882
7 252 903
7 252 924
7 252 945
7 252 966
7 252 987
7 273 0
7 273 21
7 273 42
7 273 63
7 273 84
7 273 105
7 273 126
7 273 147
7 273 168
7 273 189
7 273 210
7 273 231
7 273 252
7 273 273
7 273 294
7 273 315
7 273 336
7 273 357
7 273 378
7 273 399
7 273 420
7 273 441
7 273 462
7 273 483
7 273 504
7 273 525
7 273 546
7 273 567
7 273 588
7 273 609
7 273 630
7 273 651
7 273 672
7 273 693
7 273 714
7 273 735
7 273 756
7 273 777
7 273 798
7 273 819
7 273 840
7 273 861
7 273 882
7 273 903
7 273 924
7 273 945
7 273 966
7 273 987
7 294 0
7 294 21
7 294 42
7 294 63
7 294 84
7 294 105
7 294 126
7 294 147
7 294 168
7 294 189
7 294 210
7 294 231
7 294 252
7 294 273
7 294 294
7 294 315
7 294 336
7 294 357
7 294 378
7 294 399
7 294 420
7 294 441
7 294 462
7 294 483
7 294 504
7 294 525
7 294 546
7 294 567
7 294 588
7 294 609
7 294 630
7 294 651
7 294 672
7 294 693
7 294 714
7 294 735
7 294 756
7 294 777
7 294 798
7 294 819
7 294 840
7 294 861
7 294 882
7 294 903
7 294 924
7 294 945
7 294 966
7 294 987
7 315 0
7 315 21
7 315 42
7 315 63
7 315 84
7 315 105
7 315 126
7 315 147
7 315 168
7 315 189
7 315 210
7 315 231
7 315 252
7 315 273
7 315 294
7 315 315
7 315 336
7 315 357
7 315 378
7 315 399
7 315 420
7 315 441
7 315 462
7 315 483
7 315 504
7 315 525
7 315 546
7 315 567
7 315 588
7 315 609
7 315 630
7 315 651
7 315 672
7 315 693
7 315 714
7 315 735
7 315 756
7 315 777
7 315 798
7 315 819
7 315 840
7 315 861
7 315 882
7 315 903
7 315 924
7 315 945
7 315 966
7 315 987
7 336 0
7 336 21
7 336 42
7 336 63
7 336 84
7 336 105
7 336 126
7 336 147
7 336 168
7 336 189
7 336 210
7 336 231
7 336 252
7 336 273
7 336 294
7 336 315
7 336 336
7 336 357
7 336 378
7 336 399
7 336 420
7 336 441
7 336 462
7 336 483
7 336 504
7 336 525
7 336 546
7 336 567
7 336 588
7 336 609
7 336 630
7 336 651
7 336 672
7 336 693
7 336 714
7 336 735
7 336 756
7 336 777
7 336 798
7 336 819
7 336 840
7 336 861
7 336 882
7 336 903
7 336 924
7 336 945
7 336 966
7 336 987
7 357 0
7 357 21
7 357 42
7 357 63
7 357 84
7 357 105
7 357 126
7 357 147
7 357 168
7 357 189
7 357 210
7 357 231
7 357 252
7 357 273
7 357 294
7 357 315
7 357 336
7 357 357
7 357 378
7 357 399
7 357 420
7 357 441
7 357 462
7 357 483
7 357 504
7 357 525
7 357 546
7 357 567
7 357 588
7 357 609
7 357 630
7 357 651
7 357 672
7 357 693
7 357 714
7 357 735
7 357 756
7 357 777
7 357 798
7 357 819
7 357 840
7 357 861
7 357 882
7 357 903
7 357 924
7 357 945
7 357 966
7 357 987
7 378 0
7 378 21
7 378 42
7 378 63
7 378 84
7 378 105
7 378 126
7 378 147
7 378 168
7 378 189
7 378 210
7 378 231
7 378 252
7 378 273
7 378 294
7 378 315
7 378 336
7 378 357
7 378 378
7 378 399
7 378 420
7 378 441
7 378 462
7 378 483
7 378 504
7 378 525
7 378 546
7 378 567
7 378 588
7 378 609
7 378 630
7 378 651
7 378 672
7 378 693
7 378 714
7 378 735
7 378 756
7 378 777
7 378 798
7 378 819
7 378 840
7 378 861
7 378 882
7 378 903
7 378 924
7 378 945
7 378 966
7 378 987
7 399 0
7 399 21
7 399 42
7 399 63
7 399 84
7 399 105
7 399 126
7 399 147
7 399 168
7 399 189
7 399 210
7 399 231
7 399 252
7 399 273
7 399 294
7 399 315
7 399 336
7 399 357
7 399 378
7 399 399
7 399 420
7 399 441
7 399 462
7 399 483
7 399 504
7 399 525
7 399 546
7 399 567
7 399 588
7 399 609
7 399 630
7 399 651
7 399 672
7 399 693
7 399 714
7 399 735
7 399 756
7 399 777
7 399 798
7 399 819
7 399 840
7 399 861
7 399 882
7 399 903
7 399 924
7 399 945
7 399 966
7 399 987
7 420 0
7 420 21
7 420 42
7 420 63
7 420 84
7 420 105
7 420 126
7 420 147
7 420 168
7 420 189
7 420 210
7 420 231
7 420 252
7 420 273
7 420 294
7 420 315
7 420 336
7 420 357
7 420 378
7 420 399
7 420 420
7 420 441
7 420 462
7 420 483
7 420 504
7 420 525
7 420 546
7 420 567
7 420 588
7 420 609
7 420 630
7 420 651
7 420 672
7 420 693
7 420 714
7 420 735
7 420 756
7 420 777
7 420 798
7 420 819
7 420 840
7 420 861
7 420 882
7 420 903
7 420 924
7 420 945
7 420 966
7 420 987
7 441 0
7 441 21
7 441 42
7 441 63
7 441 84
7 441 105
7 441 126
7 441 147
7 441 168
7 441 189
7 441 210
7 441 231
7 441 252
7 441 273
7 441 294
7 441 315
7 441 336
7 441 357
7 441 378
7 441 399
7 441 420
7 441 441
7 441 462
7 441 483
7 441 504
7 441 525
7 441 546
7 441 567
7 441 588
7 441 609
7 441 630
7 441 651
7 441 672
7 441 693
7 441 714
7 441 735
7 441 756
7 441 777
7 441 798
7 441 819
7 441 840
7 441 861
7 441 882
7 441 903
7 441 924
7 441 945
7 441 966
7 441 987
7 462 0
7 462 21
7 462 42
7 462 63
7 462 84
7 462 105
7 462 126
7 462 147
7 462 168
7 462 189
7 462 210
7 462 231
7 462 252
7 462 273
7 462 294
7 462 315
7 462 336
7 462 357
7 462 378
7 462 399
7 462 420
7 462 441
7 462 462
7 462 483
7 462 504
7 462 525
7 462 546
7 462 567
7 462 588
7 462 609
7 462 630
7 462 651
7 462 672
7 462 693
7 462 714
7 462 735
7 462 756
7 462 777
7 462 798
7 462 819
7 462 840
7 462 861
7 462 882
7 462 903
7 462 924
7 462 945
7 462 966
7 462 987
7 483 0
7 483 21
7 483 42
7 483 63
7 483 84
7 483 105
7 483 126
7 483 147
7 483 168
7 483 189
7 483 210
7 483 231
7 483 252
7 483 273
7 483 294
7 483 315
7 483 336
7 483 357
7 483 378
7 483 399
7 483 420
7 483 441
7 483 462
7 483 483
7 483 504
7 483 525
7 483 546
7 483 567
7 483 588
7 483 609
7 483 630
7 483 651
7 483 672
7 483 693
7 483 714
7 483 735
7 483 756
7 483 777
7 483 798
7 483 819
7 483 840
7 483 861
7 483 882
7 483 903
7 483 924
7 483 945
7 483 966
7 483 987
7 504 0
7 504 21
7 504 42
7 504 63
7 504 84
7 504 105
7 504 126
7 504 147
7 504 168
7 504 189
7 504 210
7 504 231
7 504 252
7 504 273
7 504 294
7 504 315
7 504 336
7 504 357
7 504 378
7 504 399
7 504 420
7 504 441
7 504 462
7 504 483
7 504 504
7 504 525
7 504 546
7 504 567
7 504 588
7 504 609
7 504 630
7 504 651
7 504 672
7 504 693
7 504 714
7 504 735
7 504 756
7 504 777
7 504 798
7 504 819
7 504 840
7 504 861
7 504 882
7 504 903
7 504 924
7 504 945
7 504 966
7 504 987
7 525 0
7 525 21
7 525 42
7 525 63
7 525 84
7 525 105
7 525 126
7 525 147
7 525 168
7 525 189
7 525 210
7 525 231
7 525 252
7 525 273
7 525 294
7 525 315
7 525 336
7 525 357
7 525 378
7 525 399
7 525 420
7 525 441
7 525 462
7 525 483
7 525 504
7 525 525
7 525 546
7 525 567
7 525 588
7 525 609
7 525 630
7 525 651
7 525 672
7 525 693
7 525 714
7 525 735
7 525 756
7 525 777
7 525 798
7 525 819
7 525 840
7 525 861
7 525 882
7 525 903
7 525 924
7 525 945
7 525 966
7 525 987
7 546 0
7 546 21
7 546 42
7 546 63
7 546 84
7 546 105
7 546 126
7 546 147
7 546 168
7 546 189
7 546 210
7 546 231
7 546 252
7 546 273
7 546 294
7 546 315
7 546 336
7 546 357
7 546 378
7 546 399
7 546 420
7 546 441
7 546 462
7 546 483
7 546 504
7 546 525
7 546 546
7 546 567
7 546 588
7 546 609
7 546 630
7 546 651
7 546 672
7 546 693
7 546 714
7 546 735
7 546 756
7 546 777
7 546 798
7 546 819
7 546 840
7 546 861
7 546 882
7 546 903
7 546 924
7 546 945
7 546 966
7 546 987
7 567 0
7 567 21
7 567 42
7 567 63
7 567 84
7 567 105
7 567 126
7 567 147
7 567 168
7 567 189
7 567 210
7 567 231
7 567 252
7 567 273
7 567 294
7 567 315
7 567 336
7 567 357
7 567 378
7 567 399
7 567 420
7 567 441
7 567 462
7 567 483
7 567 504
7 567 525
7 567 546
7 567 567
7 567 588
7 567 609
7 567 630
7 567 651
7 567 672
7 567 693
7 567 714
7 567 735
7 567 756
7 567 777
7 567 798
7 567 819
7 567 840
7 567 861
7 567 882
7 567 903
7 567 924
7 567 945
7 567 966
7 567 987
7 588 0
7 588 21
7 588 42
7 588 63
7 588 84
7 588 105
7 588 126
7 588 147
7 588 168
7 588 189
7 588 210
7 588 231
7 588 252
7 588 273
7 588 294
7 588 315
7 588 336
7 588 357
7 588 378
7 588 399
7 588 420
7 588 441
7 588 462
7 588 483
7 588 504
7 588 525
7 588 546
7 588 567
7 588 588
7 588 609
7 588 630
7 588 651
7 588 672
7 588 693
7 588 714
7 588 735
7 588 756
7 588 777
7 588 798
7 588 819
7 588 840
7 588 861
7 588 882
7 588 903
7 588 924
7 588 945
7 588 966
7 588 987
7 609 0
7 609 21
7 609 42
7 609 63
7 609 84
7 609 105
7 609 126
7 609 147
7 609 168
7 609 189
7 609 210
7 609 231
7 609 252
7 609 273
7 609 294
7 609 315
7 609 336
7 609 357
7 609 378
7 609 399
7 609 420
7 609 441
7 609 462
7 609 483
7 609 504
7 609 525
7 609 546
7 609 567
7 609 588
7 609 609
7 609 630
7 609 651
7 609 672
7 609 693
7 609 714
7 609 735
7 609 756
7 609 777
7 609 798
7 609 819
7 609 840
7 609 861
7 609 882
7 609 903
7 609 924
7 609 945
7 609 966
7 609 987
7 630 0
7 630 21
7 630 42
7 630 63
7 630 84
7 630 105
7 630 126
7 630 147
7 630 168
7 630 189
7 630 210
7 630 231
7 630 252
7 630 273
7 630 294
7 630 315
7 630 336
7 630 357
7 630 378
7 630 399
7 630 420
7 630 441
7 630 462
7 630 483
7 630 504
7 630 525
7 630 546
7 630 567
7 630 588
7 630 609
7 630 630
7 630 651
7 630 672
7 630 693
7 630 714
7 630 735
7 630 756
7 630 777
7 630 798
7 630 819
7 630 840
7 630 861
7 630 882
7 630 903
7 630 924
7 630 945
7 630 966
7 630 987
7 651 0
7 651 21
7 651 42
7 651 63
7 651 84
7 651 105
7 651 126
7 651 147
7 651 168
7 651 189
7 651 210
7 651 231
7 651 252
7 651 273
7 651 294
7 651 315
7 651 336
7 651 357
7 651 378
7 651 399
7 651 420
7 651 441
7 651 462
7 651 483
7 651 504
7 651 525
7 651 546
7 651 567
7 651 588
7 651 609
7 651 630
7 651 651
7 651 672
7 651 693
7 651 714
7 651 735
7 651 756
7 651 777
7 651 798
7 651 819
7 651 840
7 651 861
7 651 882
7 651 903
7 651 924
7 651 945
7 651 966
7 651 987
7 672 0
7 672 21
7 672 42
7 672 63
7 672 84
7 672 105
7 672 126
7 672 147
7 672 168
7 672 189
7 672 210
7 672 231
7 672 252
7 672 273
7 672 294
7 672 315
7 672 336
7 672 357
7 672 378
7 672 399
7 672 420
7 672 441
7 672 462
7 672 483
7 672 504
7 672 525
7 672 546
7 672 567
7 672 588
7 672 609
7 672 630
7 672 651
7 672 672
7 672 693
7 672 714
7 672 735
7 672 756
7 672 777
7 672 798
7 672 819
7 672 840
7 672 861
7 672 882
7 672 903
7 672 924
7 672 945
7 672 966
7 672 987
7 693 0
7 693 21
7 693 42
7 693 63
7 693 84
7 693 105
7 693 126
7 693 147
7 693 168
7 693 189
7 693 210
7 693 231
7 693 252
7 693 273
7 693 294
7 693 315
7 693 336
7 693 357
7 693 378
7 693 399
7 693 420
7 693 441
7 693 462
7 693 483
7 693 504
7 693 525
7 693 546
7 693 567
7 693 588
7 693 609
7 693 630
7 693 651
7 693 672
7 693 693
7 693 714
7 693 735
7 693 756
7 693 777
7 693 798
7 693 819
7 693 840
7 693 861
7 693 882
7 693 903
7 693 924
7 693 945
7 693 966
7 693 987
7 714 0
7 714 21
7 714 42
7 714 63
7 714 84
7 714 105
7 714 126
7 714 147
7 714 168
7 714 189
7 714 210
7 714 231
7 714 252
7 714 273
7 714 294
7 714 315
7 714 336
7 714 357
7 714 378
7 714 399
7 714 420
7 714 441
7 714 462
7 714 483
7 714 504
7 714 525
7 714 546
7 714 567
7 714 588
7 714 609
7 714 630
7 714 651
7 714 672
7 714 693
7 714 714
7 714 735
7 714 756
7 714 777
7 714 798
7 714 819
7 714 840
7 714 861
7 714 882
7 714 903
7 714 924
7 714 945
7 714 966
7 714 987
7 735 0
7 735 21
7 735 42
7 735 63
7 735 84
7 735 105
7 735 126
7 735 147
7 735 168
7 735 189
7 735 210
7 735 231
7 735 252
7 735 273
7 735 294
7 735 315
7 735 336
7 735 357
7 735 378
7 735 399
7 735 420
7 735 441
7 735 462
7 735 483
7 735 504
7 735 525
7 735 546
7 735 567
7 735 588
7 735 609
7 735 630
7 735 651
7 735 672
7 735 693
7 735 714
7 735 735
7 735 756
7 735 777
7 735 798
7 735 819
7 735 840
7 735 861
7 735 882
7 735 903
7 735 924
7 735 945
7 735 966
7 735 987
7 756 0
7 756 21
7 756 42
7 756 63
7 756 84
7 756 105
7 756 126
7 756 147
7 756 168
7 756 189
7 756 210
7 756 231
7 756 252
7 756 273
7 756 294
7 756 315
7 756 336
7 756 357
7 756 378
7 756 399
7 756 420
7 756 441
7 756 462
7 756 483
7 756 504
7 756 525
7 756 546
7 756 567
7 756 588
7 756 609
7 756 630
7 756 651
7 756 672
7 756 693
7 756 714
7 756 735
7 756 756
7 756 777
7 756 798
7 756 819
7 756 840
7 756 861
7 756 882
7 756 903
7 756 924
7 756 945
7 756 966
7 756 987
7 777 0
7 777 21
7 777 42
7 777 63
7 777 84
7 777 105
7 777 126
7 777 147
7 777 168
7 777 189
7 777 210
7 777 231
7 777 252
7 777 273
7 777 294
7 777 315
7 777 336
7 777 357
7 777 378
7 777 399
7 777 420
7 777 441
7 777 462
7 777 483
7 777 504
7 777 525
7 777 546
7 777 567
7 777 588
7 777 609
7 777 630
7 777 651
7 777 672
7 777 693
7 777 714
7 777 735
7 777 756
7 777 777
7 777 798
7 777 819
7 777 840
7 777 861
7 777 882
7 777 903
7 777 924
7 777 945
7 777 966
7 777 987
7 798 0
7 798 21
7 798 42
7 798 63
7 798 84
7 798 105
7 798 126
7 798 147
7 798 168
7 798 189
7 798 210
7 798 231
7 798 252
7 798 273
7 798 294
7 798 315
7 798 336
7 798 357
7 798 378
7 798 399
7 798 420
7 798 441
7 798 462
7 798 483
7 798 504
7 798 525
7 798 546
7 798 567
7 798 588
7 798 609
7 798 630
7 798 651
7 798 672
7 798 693
7 798 714
7 798 735
7 798 756
7 798 777
7 798 798
7 798 819
7 798 840
7 798 861
7 798 882
7 798 903
7 798 924
7 798 945
7 798 966
7 798 987
7 819 0
7 819 21
7 819 42
7 819 63
7 819 84
7 819 105
7 819 126
7 819 147
7 819 168
7 819 189
7 819 210
7 819 231
7 819 252
7 819 273
7 819 294
7 819 315
7 819 336
7 819 357
7 819 378
7 819 399
7 819 420
7 819 441
7 819 462
7 819 483
7 819 504
7 819 525
7 819 546
7 819 567
7 819 588
7 819 609
7 819 630
7 819 651
7 819 672
7 819 693
7 819 714
7 819 735
7 819 756
7 819 777
7 819 798
7 819 819
7 819 840
7 819 861
7 819 882
7 819 903
7 819 924
7 819 945
7 819 966
7 819 987
7 840 0
7 840 21
7 840 42
7 840 63
7 840 84
7 840 105
7 840 126
7 840 147
7 840 168
7 840 189
7 840 210
7 840 231
7 840 252
7 840 273
7 840 294
7 840 315
7 840 336
7 840 357
7 840 378
7 840 399
7 840 420
7 840 441
7 840 462
7 840 483
7 840 504
7 840 525
7 840 546
7 840 567
7 840 588
7 840 609
7 840 630
7 840 651
7 840 672
7 840 693
7 840 714
7 840 735
7 840 756
7 840 777
7 840 798
7 840 819
7 840 840
7 840 861
7 840 882
7 840 903
7 840 924
7 840 945
7 840 966
7 840 987
7 861 0
7 861 21
7 861 42
7 861 63
7 861 84
7 861 105
7 861 126
7 861 147
7 861 168
7 861 189
7 861 210
7 861 231
7 861 252
7 861 273
7 861 294
7 861 315
7 861 336
7 861 357
7 861 378
7 861 399
7 861 420
7 861 441
7 861 462
7 861 483
7 861 504
7 861 525
7 861 546
7 861 567
7 861 588
7 861 609
7 861 630
7 861 651
7 861 672
7 861 693
7 861 714
7 861 735
7 861 756
7 861 777
7 861 798
7 861 819
7 861 840
7 861 861
7 861 882
7 861 903
7 861 924
7 861 945
7 861 966
7 861 987
7 882 0
7 882 21
7 882 42
7 882 63
7 882 84
7 882 105
7 882 126
7 882 147
7 882 168
7 882 189
7 882 210
7 882 231
7 882 252
7 882 273
7 882 294
7 882 315
7 882 336
7 882 357
7 882 378
7 882 399
7 882 420
7 882 441
7 882 462
7 882 483
7 882 504
7 882 525
7 882 546
7 882 567
7 882 588
7 882 609
7 882 630
7 882 651
7 882 672
7 882 693
7 882 714
7 882 735
7 882 756
7 882 777
7 882 798
7 882 819
7 882 840
7 882 861
7 882 882
7 882 903
7 882 924
7 882 945
7 882 966
7 882 987
7 903 0
7 903 21
7 903 42
7 903 63
7 903 84
7 903 105
7 903 126
7 903 147
7 903 168
7 903 189
7 903 210
7 903 231
7 903 252
7 903 273
7 903 294
7 903 315
7 903 336
7 903 357
7 903 378
7 903 399
7 903 420
7 903 441
7 903 462
7 903 483
7 903 504
7 903 525
7 903 546
7 903 567
7 903 588
7 903 609
7 903 630
7 903 651
7 903 672
7 903 693
7 903 714
7 903 735
7 903 756
7 903 777
7 903 798
7 903 819
7 903 840
7 903 861
7 903 882
7 903 903
7 903 924
7 903 945
7 903 966
7 903 987
7 924 0
7 924 21
7 924 42
7 924 63
7 924 84
7 924 105
7 924 126
7 924 147
7 924 168
7 924 189
7 924 210
7 924 231
7 924 252
7 924 273
7 924 294
7 924 315
7 924 336
7 924 357
7 924 378
7 924 399
7 924 420
7 924 441
7 924 462
7 924 483
7 924 504
7 924 525
7 924 546
7 924 567
7 924 588
7 924 609
7 924 630
7 924 651
7 924 672
7 924 693
7 924 714
7 924 735
7 924 756
7 924 777
7 924 798
7 924 819
7 924 840
7 924 861
7 924 882
7 924 903
7 924 924
7 924 945
7 924 966
7 924 987
7 945 0
7 945 21
7 945 42
7 945 63
7 945 84
7 945 105
7 945 126
7 945 147
7 945 168
7 945 189
7 945 210
7 945 231
7 945 252
7 945 273
7 945 294
7 945 315
7 945 336
7 945 357
7 945 378
7 945 399
7 945 420
7 945 441
7 945 462
7 945 483
7 945 504
7 945 525
7 945 546
7 945 567
7 945 588
7 945 609
7 945 630
7 945 651
7 945 672
7 945 693
7 945 714
7 945 735
7 945 756
7 945 777
7 945 798
7 945 819
7 945 840
7 945 861
7 945 882
7 945 903
7 945 924
7 945 945
7 945 966
7 945 987
7 966 0
7 966 21
7 966 42
7 966 63
7 966 84
7 966 105
7 966 126
7 966 147
7 966 168
7 966 189
7 966 210
7 966 231
7 966 252
7 966 273
7 966 294
7 966 315
7 966 336
7 966 357
7 966 378
7 966 399
7 966 420
7 966 441
7 966 462
7 966 483
7 966 504
7 966 525
7 966 546
7 966 567
7 966 588
7 966 609
7 966 630
7 966 651
7 966 672
7 966 693
7 966 714
7 966 735
7 966 756
7 966 777
7 966 798
7 966 819
7 966 840
7 966 861
7 966 882
7 966 903
7 966 924
7 966 945
7 966 966
7 966 987
7 987 0
7 987 21
7 987 42
7 987 63
7 987 84
7 987 105
7 987 126
7 987 147
7 987 168
7 987 189
7 987 210
7 987 231
7 987 252
7 987 273
7 987 294
7 987 315
7 987 336
7 987 357
7 987 378
7 987 399
7 987 420
7 987 441
7 987 462
7 987 483
7 987 504
7 987 525
7 987 546
7 987 567
7 987 588
7 987 609
7 987 630
7 987 651
7 987 672
7 987 693
7 987 714
7 987 735
7 987 756
7 987 777
7 987 798
7 987 819
7 987 840
7 987 861
7 987 882
7 987 903
7 987 924
7 987 945
7 987 966
7 987 987
142 0 2
112 0 4
185 0 5
195 0 6
199 0 8
193 0 15
180 0 16
118 0 17
138 0 23
166 0 27
189 0 44
192 0 58
188 0 65
110 0 86
186 0 88
169 0 95
184 0 107
104 0 128
168 0 145
163 0 149
111 0 154
136 0 156
174 0 170
172 0 182
177 0 184
152 0 191
101 0 202
164 0 212
191 0 233
121 0 239
154 0 254
183 0 275
137 0 279
149 0 296
161 0 317
125 0 338
108 0 343
134 0 359
105 0 368
198 0 380
196 0 393
194 4 18
167 4 38
122 4 60
144 4 100
124 4 114
131 4 119
146 4 158
117 4 173
160 4 187
120 4 205
179 4 221
129 4 247
140 4 257
162 4 263
126 4 289
170 4 297
147 4 312
102 4 328
128 4 397
133 4 422
132 4 428
153 4 441
143 4 448
159 4 455
148 4 461
178 4 476
130 4 491
165 4 506
107 4 520
123 4 536
139 4 555
197 4 570
176 4 579
182 4 588
190 4 597
114 4 613
127 4 631
156 4 644
145 4 663
113 4 676
100 4 688
141 4 701
115 4 715
109 4 733
135 4 747
155 4 766
150 4 782
171 4 802
175 4 817
106 4 835
181 4 853
157 4 869
151 4 886
187 4 905
158 4 920
119 4 947
103 4 968
